You are using the default legacy behaviour of the <class 'transformers.models.t5.tokenization_t5.T5Tokenizer'>. This is expected, and simply means that the `legacy` (previous) behavior will be used so nothing changes for you. If you want to use the new behaviour, set `legacy=False`. This should only be set if you understand what it means, and thoroughly read the reason why this was added as explained in https://github.com/huggingface/transformers/pull/24565
Special tokens have been added in the vocabulary, make sure the associated word embeddings are fine-tuned or trained.
Traceback (most recent call last):
  File "/zhome/ea/9/137501/Desktop/ML_health/project-env/lib/python3.10/site-packages/torch/utils/_contextlib.py", line 115, in decorate_context
    return func(*args, **kwargs)
  File "/zhome/ea/9/137501/Desktop/ML_health/project-env/lib/python3.10/site-packages/transformers/generation/utils.py", line 1758, in generate
    result = self._sample(
  File "/zhome/ea/9/137501/Desktop/ML_health/project-env/lib/python3.10/site-packages/transformers/generation/utils.py", line 2397, in _sample
    outputs = self(
  File "/zhome/ea/9/137501/Desktop/ML_health/project-env/lib/python3.10/site-packages/torch/nn/modules/module.py", line 1532, in _wrapped_call_impl
    return self._call_impl(*args, **kwargs)
  File "/zhome/ea/9/137501/Desktop/ML_health/project-env/lib/python3.10/site-packages/torch/nn/modules/module.py", line 1541, in _call_impl
    return forward_call(*args, **kwargs)
  File "/zhome/ea/9/137501/Desktop/ML_health/project-env/lib/python3.10/site-packages/transformers/models/t5/modeling_t5.py", line 1740, in forward
    decoder_outputs = self.decoder(
  File "/zhome/ea/9/137501/Desktop/ML_health/project-env/lib/python3.10/site-packages/torch/nn/modules/module.py", line 1532, in _wrapped_call_impl
    return self._call_impl(*args, **kwargs)
  File "/zhome/ea/9/137501/Desktop/ML_health/project-env/lib/python3.10/site-packages/torch/nn/modules/module.py", line 1541, in _call_impl
    return forward_call(*args, **kwargs)
  File "/zhome/ea/9/137501/Desktop/ML_health/project-env/lib/python3.10/site-packages/transformers/models/t5/modeling_t5.py", line 1107, in forward
    layer_outputs = layer_module(
  File "/zhome/ea/9/137501/Desktop/ML_health/project-env/lib/python3.10/site-packages/torch/nn/modules/module.py", line 1532, in _wrapped_call_impl
    return self._call_impl(*args, **kwargs)
  File "/zhome/ea/9/137501/Desktop/ML_health/project-env/lib/python3.10/site-packages/torch/nn/modules/module.py", line 1541, in _call_impl
    return forward_call(*args, **kwargs)
  File "/zhome/ea/9/137501/Desktop/ML_health/project-env/lib/python3.10/site-packages/transformers/models/t5/modeling_t5.py", line 717, in forward
    cross_attention_outputs = self.layer[1](
  File "/zhome/ea/9/137501/Desktop/ML_health/project-env/lib/python3.10/site-packages/torch/nn/modules/module.py", line 1532, in _wrapped_call_impl
    return self._call_impl(*args, **kwargs)
  File "/zhome/ea/9/137501/Desktop/ML_health/project-env/lib/python3.10/site-packages/torch/nn/modules/module.py", line 1541, in _call_impl
    return forward_call(*args, **kwargs)
  File "/zhome/ea/9/137501/Desktop/ML_health/project-env/lib/python3.10/site-packages/transformers/models/t5/modeling_t5.py", line 628, in forward
    attention_output = self.EncDecAttention(
  File "/zhome/ea/9/137501/Desktop/ML_health/project-env/lib/python3.10/site-packages/torch/nn/modules/module.py", line 1532, in _wrapped_call_impl
    return self._call_impl(*args, **kwargs)
  File "/zhome/ea/9/137501/Desktop/ML_health/project-env/lib/python3.10/site-packages/torch/nn/modules/module.py", line 1541, in _call_impl
    return forward_call(*args, **kwargs)
  File "/zhome/ea/9/137501/Desktop/ML_health/project-env/lib/python3.10/site-packages/transformers/models/t5/modeling_t5.py", line 554, in forward
    attn_weights = nn.functional.softmax(scores.float(), dim=-1).type_as(
  File "/zhome/ea/9/137501/Desktop/ML_health/project-env/lib/python3.10/site-packages/torch/nn/functional.py", line 1885, in softmax
    ret = input.softmax(dim)
KeyboardInterrupt
During handling of the above exception, another exception occurred:
Traceback (most recent call last):
  File "/zhome/ea/9/137501/Desktop/ML_health/ML_health/main.py", line 105, in <module>
    Defaults.start()
  File "/zhome/ea/9/137501/Desktop/ML_health/project-env/lib/python3.10/site-packages/dtu/__init__.py", line 235, in start
    cls.run(*args)
  File "/zhome/ea/9/137501/Desktop/ML_health/ML_health/main.py", line 80, in run
    out_eval = model.model.generate(model.tokenizer, valid_loader)
  File "/zhome/ea/9/137501/Desktop/ML_health/ML_health/src/models/T5_model.py", line 41, in generate
    generation_output = self.network.generate(
  File "/zhome/ea/9/137501/Desktop/ML_health/project-env/lib/python3.10/site-packages/torch/utils/_contextlib.py", line 115, in decorate_context
    return func(*args, **kwargs)
